  Krilov.cpp
C:\Users\grand\OneDrive\Рабочий стол\main\Krilov.cpp(44,25): warning C4838: Преобразование из "_Ty" в "float" требует сужающего преобразования.
          with
          [
              _Ty=double
          ]
C:\Users\grand\OneDrive\Рабочий стол\main\Krilov.cpp(44,25): warning C4244: инициализация: преобразование "_Ty" в "float", возможна потеря данных
          with
          [
              _Ty=double
          ]
C:\Users\grand\OneDrive\Рабочий стол\main\Krilov.cpp(44,34): warning C4838: Преобразование из "_Ty" в "float" требует сужающего преобразования.
          with
          [
              _Ty=double
          ]
C:\Users\grand\OneDrive\Рабочий стол\main\Krilov.cpp(44,34): warning C4244: инициализация: преобразование "_Ty" в "float", возможна потеря данных
          with
          [
              _Ty=double
          ]
C:\Users\grand\OneDrive\Рабочий стол\main\Krilov.cpp(44,43): warning C4838: Преобразование из "_Ty" в "float" требует сужающего преобразования.
          with
          [
              _Ty=double
          ]
C:\Users\grand\OneDrive\Рабочий стол\main\Krilov.cpp(44,43): warning C4244: инициализация: преобразование "_Ty" в "float", возможна потеря данных
          with
          [
              _Ty=double
          ]
C:\Users\grand\OneDrive\Рабочий стол\main\Krilov.cpp(44,52): warning C4838: Преобразование из "_Ty" в "float" требует сужающего преобразования.
          with
          [
              _Ty=double
          ]
C:\Users\grand\OneDrive\Рабочий стол\main\Krilov.cpp(44,52): warning C4244: инициализация: преобразование "_Ty" в "float", возможна потеря данных
          with
          [
              _Ty=double
          ]
C:\Users\grand\OneDrive\Рабочий стол\main\Krilov.cpp(44,61): warning C4838: Преобразование из "_Ty" в "float" требует сужающего преобразования.
          with
          [
              _Ty=double
          ]
C:\Users\grand\OneDrive\Рабочий стол\main\Krilov.cpp(44,61): warning C4244: инициализация: преобразование "_Ty" в "float", возможна потеря данных
          with
          [
              _Ty=double
          ]
  main.vcxproj -> C:\Users\grand\OneDrive\Рабочий стол\main\Debug\main.exe
